< 단면 응력 검토 >  거더1, 절점7 으로부터 3.700m

1) 단면 가정 및 설계조건 

					                     주부재 사용강종  : 상부 플랜지 SM490B
					                                        하부 플랜지 SM490B
					                                        복부판 SM490B
					                     H    =  700.0 mm (거더복부의 높이)
					                     B    = 2194.6 mm (슬래브 유효폭)
					                     Bu   =  380.0 mm (플랜지 상부의 너비)
					                     Bl   =  380.0 mm (플랜지 하부의 너비)
					                     Tc   =  240.0 mm (슬래브 두께)
					                     Th   =   50.0 mm (헌치 높이)
					                     Tu   =   18.0 mm (상판 두께)
					                     Tl   =   18.0 mm (하판 두께)
					                     Tw   =   12.0 mm (WEB 두께)
					                     k    = -0.181    (모멘트 영향계수)

 ┏━━━━━━━━━━━━━━━━━━━━━━━━━━━━━━┳━━━━┳━━━━━━━━━┓
 ┃                   구            분                         ┃ 단 위  ┃  입력 DATA       ┃
 ┣━━━━━━━━━━━━━━━━━━━━━━━━━━━━━━╋━━━━╋━━━━━━━━━┫
 ┃ Es  : 강의 탄성계수                                        ┃  MPa   ┃       210000.0   ┃
 ┣━━━━━━━━━━━━━━━━━━━━━━━━━━━━━━╋━━━━╋━━━━━━━━━┫
 ┃ Ec  : 콘크리트의 탄성계수                                  ┃  MPa   ┃        30000.0   ┃
 ┣━━━━━━━━━━━━━━━━━━━━━━━━━━━━━━╋━━━━╋━━━━━━━━━┫
 ┃ εs : 바닥판 콘크리트의 건조수축에 의한 최종수축율         ┃        ┃        0.00027   ┃
 ┣━━━━━━━━━━━━━━━━━━━━━━━━━━━━━━╋━━━━╋━━━━━━━━━┫
 ┃ α  : 강재 및 콘크리트의 선팽창계수                        ┃        ┃       0.000012   ┃
 ┣━━━━━━━━━━━━━━━━━━━━━━━━━━━━━━╋━━━━╋━━━━━━━━━┫
 ┃ Φ2 : 건조수축에의한 크리이프계수                          ┃        ┃              4   ┃
 ┣━━━━━━━━━━━━━━━━━━━━━━━━━━━━━━╋━━━━╋━━━━━━━━━┫
 ┃ n   : 강과 콘크리트의 탄성계수비                           ┃        ┃              8   ┃
 ┣━━━━━━━━━━━━━━━━━━━━━━━━━━━━━━╋━━━━╋━━━━━━━━━┫
 ┃ t   : 강과 콘크리트의 온도차                               ┃  ℃    ┃             10   ┃
 ┣━━━━━━━━━━━━━━━━━━━━━━━━━━━━━━╋━━━━╋━━━━━━━━━┫
 ┃ Ms  : 합성전 고정하중에 의한 모멘트                        ┃ kN·m  ┃        204.447   ┃
 ┣━━━━━━━━━━━━━━━━━━━━━━━━━━━━━━╋━━━━╋━━━━━━━━━┫
 ┃ Msc : 합성후 고정하중에 의한 모멘트                        ┃ kN·m  ┃        162.599   ┃
 ┣━━━━━━━━━━━━━━━━━━━━━━━━━━━━━━╋━━━━╋━━━━━━━━━┫
 ┃ Mv  : (활하중 + 지점침하)에 의한 모멘트                    ┃ kN·m  ┃        743.154   ┃
 ┣━━━━━━━━━━━━━━━━━━━━━━━━━━━━━━╋━━━━╋━━━━━━━━━┫
 ┃ Ss  : 합성전 고정하중에 의한 전단력                        ┃   kN   ┃         31.950   ┃
 ┣━━━━━━━━━━━━━━━━━━━━━━━━━━━━━━╋━━━━╋━━━━━━━━━┫
 ┃ Ssc : 합성후 고정하중에 의한 전단력                        ┃   kN   ┃         31.839   ┃
 ┣━━━━━━━━━━━━━━━━━━━━━━━━━━━━━━╋━━━━╋━━━━━━━━━┫
 ┃ Sv  : (활하중 + 지점침하)에 의한 전단력                    ┃   kN   ┃        166.155   ┃
 ┣━━━━━━━━━━━━━━━━━━━━━━━━━━━━━━╋━━━━╋━━━━━━━━━┫
 ┃ Mst : 합성전 고정하중에 의한 비틀림 모멘트                 ┃ kN·m  ┃         -0.000   ┃
 ┣━━━━━━━━━━━━━━━━━━━━━━━━━━━━━━╋━━━━╋━━━━━━━━━┫
 ┃ Msct: 합성후 고정하중에 의한 비틀림 모멘트                 ┃ kN·m  ┃         -0.000   ┃
 ┣━━━━━━━━━━━━━━━━━━━━━━━━━━━━━━╋━━━━╋━━━━━━━━━┫
 ┃ Mvt : (활하중 + 지점침하)에 의한 비틀림 모멘트             ┃ kN·m  ┃        -23.942   ┃
 ┗━━━━━━━━━━━━━━━━━━━━━━━━━━━━━━┻━━━━┻━━━━━━━━━┛
   < 참고 > 합성전 고정하중 : 강재자중 + 바닥판 콘크리트자중
            합성후 고정하중 : 난간 및 방호벽 자중 + PAVEMENT자중

  단면 제원

 ┏━━━━━━━━┳━━━━┳━━━━┳━━━━━┳━━━━━┳━━━━━━━┳━━━━━━━━━┳━━━━━━━━┓
 ┃ 구         분  ┃ B(mm)  ┃ H(mm)  ┃  A(mm²) ┃  Y(mm)   ┃  A·Y(mm³)  ┃   A·Y²( mm⁴)  ┃    Io( mm⁴)   ┃
 ┣━━━━━━━━╋━━━━╋━━━━╋━━━━━╋━━━━━╋━━━━━━━╋━━━━━━━━━╋━━━━━━━━┫
 ┃1  -  UPPER FL. ┃    380 ┃     18 ┃   6840.0 ┃    359.0 ┃    2455560.0 ┃      881546040.0 ┃       184680.0 ┃
 ┣━━━━━━━━╋━━━━╋━━━━╋━━━━━╋━━━━━╋━━━━━━━╋━━━━━━━━━╋━━━━━━━━┫
 ┃1  -     WEB.   ┃     12 ┃    700 ┃   8400.0 ┃      0.0 ┃          0.0 ┃              0.0 ┃    343000000.0 ┃
 ┣━━━━━━━━╋━━━━╋━━━━╋━━━━━╋━━━━━╋━━━━━━━╋━━━━━━━━━╋━━━━━━━━┫
 ┃1  -  LOWER FL. ┃    380 ┃     18 ┃   6840.0 ┃   -359.0 ┃   -2455560.0 ┃      881546040.0 ┃       184680.0 ┃
 ┣━━━━━━━━╋━━━━┻━━━━╋━━━━━╋━━━━━╋━━━━━━━╋━━━━━━━━━╋━━━━━━━━┫
 ┃  강단면 합계   ┃                  ┃  22080.0 ┃          ┃          0.0 ┃     1763092080.0 ┃    343369360.0 ┃
 ┣━━━━━━━━╋━━━━┳━━━━╋━━━━━╋━━━━━╋━━━━━━━╋━━━━━━━━━╋━━━━━━━━┫
 ┃1  -  RC SLAB   ┃   2195 ┃    240 ┃ 546000.0 ┃    520.0 ┃  283920000.0 ┃   147638400000.0 ┃   2620800000.0 ┃
 ┗━━━━━━━━┻━━━━┻━━━━┻━━━━━┻━━━━━┻━━━━━━━┻━━━━━━━━━┻━━━━━━━━┛
   * As = 22080.00 mm², Ac = 546000.00 mm²


2) 응력 검토

  (1) 합성전

 Is´= (A ·Y²) + Io           = 2106461440.000 mm⁴
 δs = ∑(A ·Y) / As           = 0.000 mm
 Is = Is´- As ×(δs)²        = 2106461440.000 mm⁴
 Ysu = H / 2 + Tu - δs         = 368.000 mm
 Ysl = Ysu - ( H + Tu + Tl )    = -368.000 mm
 fsu = Ms / Is × Ysu           = 35.717 MPa
 fsl = Ms / Is × Ysl           = -35.717 mm⁴
 τs = Ss / A(web) + Mst ·Tw/K = 3.804 mm⁴


  (2) 합성후

 Av = As + Ac/n                 = 90330.000 mm²
 Ic / n                         = 327600000.000 mm⁴
 dv = Ysu - Tu + Th + Tc/2      = 520.000 mm
 dvc = dv × As / ( Ac/n + As ) = 127.107 mm
 dvs = dv - dvc                 = 392.893 mm
 Yvcu = dvc + Tc/2              = 247.107 mm
 Yvcl = Yvcu - Tc               = 7.107 mm
 Yvsu = Yvcu - H2 + Tu          = -24.893 mm
 Yvsl = Yvsu - ( H + Tu + Tl )  = -760.893 mm
 Iv = Is + Ic/n + As × dvs² + Ac/n × dvc² = 6945098570.521 mm⁴
 fvcu = Msc × Yvcu / ( n ×Iv ) = 0.739 MPa
 fvcl = Msc × Yvcl / ( n ×Iv ) = 0.031 MPa
 fvsu = Msc × Yvsu / Iv         = -0.505 MPa
 fvsl = Msc × Yvsl / Iv         = -17.865 MPa
 K    = K + B × (Tc / n)³/ 3   = -0.181 mm⁴
 τsv  = Ssc / A(web) + Msct ·Tw/K = 3.790 MPa


  (3) 활하중

 fvcu = Mv·Yvcu / (n·Iv)     = 3.377 MPa
 fvcl = Mv·Yvcl / (n·Iv)     = 0.143 MPa
 fvsu = Mv·Yvsu / Iv          = -2.308 MPa
 fvsl = Mv·Yvsl / Iv          = -81.652 MPa
 υ = Sv / A(Web) + Mvt ·Tw/K = 20.007 MPa


  (4) Creep

 Φ1 = 2
 n1  = n ×( 1 + Φ1/2 )            = 16 
 Av1 = As + Ac / n1                 = 54998.631 mm²
 dc1 = dv ×As / ( Ac/n1 + As )     = 208.762 mm
 ds1 = dv - dc1                     = 311.238 mm
 Yv1cu = dc1 + Tc/2                 = 328.762 mm
 Yv1cl = Yv1cu - Tc                 = 88.762 mm
 Yv1su = Yv1cu - H2 + Tu            = 56.762 mm
 Yv1sl = Yv1su - ( H + Tu + Tl )    = -679.238 mm
 Iv1 = Is + Ic/n1 + As × ds1² + Ac/n1 × dc1² = 5837986140.333 mm⁴
 Nc = Msc × dvc × Ac / ( n ×Iv ) = 202805.231 N
 PΦ = Nc × 2 ×Φ1 / ( 2 + Φ1 )  = 202805.231 N
 MΦ = PΦ × dc1                   = 42337936.433 N.mm
 fcu = Msc × Yvcu / ( n ×Iv )     = 0.739 MPa
 fcl = Msc × Yvcl / ( n ×Iv )     = 0.031 MPa
 fvcu1 = 1 / n1 ×(PΦ/ Av1 + k × MΦ× Yv1cu / Iv1 )  - Ec1·fcu·φ1/ Ec = -0.535 MPa
 fvcl1 = 1 / n1 ×(PΦ/ Av1 + k × MΦ× Yv1cl / Iv1 )  - Ec1·fcl·φ1/ Ec = 0.192 MPa
 fvsu1 = PΦ/ Av1 + k × MΦ× Yv1su / Iv1 = 3.613 MPa
 fvsl1 = PΦ/ Av1 + k × MΦ× Yv1sl / Iv1 = 4.579 MPa


  (5) 건조수축

 n2  = n ×( 1 + Φ2 / 2 )        = 24 
	Av2 = As + Ac / n2               = 44025.754 mm²
 dc2 = dv × As / ( Ac/n2 + As )  = 260.793 mm
 ds2 = dv - dc2                   = 259.207 mm
 Yv2cu = dc2 + Tc/2               = 380.793 mm
 Yv2cl = Yv2cu - Tc               = 140.793 mm
 Yv2su = Yv2cu - H2 - Tu          = 108.793 mm
 Yv2sl = Yv2su - ( H + Tu + Tl )  = -627.207 mm
 Iv2 = Is + Ic / n2 + As × ds2² + Ac / n2 × dc2² = 5187914355.158 mm⁴
 P2 = Es ×εs × Ac / n2        = 1244324.250 N
 Mv2 = P2 × dc2                 = 324510815.172 N.mm
 Ec2 = Es / n2                   = 8750.000 MPa
 fvcu2 = 1  / n2 ×( P2 / Av2 + k × Mv2 × Yv2cu / Iv2) - Ec2×εs = -1.364 MPa
 fvcl2 = 1  / n2 ×( P2 / Av2 + k × Mv2 × Yv2cl / Iv2) - Ec2×εs = -1.251 MPa
 fvsu2 = P2 / Av2 + k × Mv2 × Yv2su / Iv2 = 27.032 MPa
 fvsl2 = P2 / Av2 + k × Mv2 × Yv2sl / Iv2 = 35.361 MPa


  (6) 온 도 차

 εt = α×ΔT = 0.000120 
 P1 = Es ×εt × Ac / n ) = 1659099.000 N
 Mt = P1 × dvc = -23941689.501 N.mm
 Ect = Ec ×εt = 108000.000 MPa
 ±f cut = 1 / n ×(P1 / Av + k ×Mt × Yvcu / Iv )  - Ect = -1.419 MPa
 ±f clt = 1 / n ×(P1 / Av + k ×Mt × Yvcl / Iv )  - Ect = -1.249 MPa
 ±f sut = P1 / Av + k ×Mt × Yvsu / Iv = 18.993 MPa
 ±f slt = P1 / Av + k ×Mt × Yvsl / Iv = 23.178 MPa


  (7) 전단 및 비틀림    복부 사용강재 : SM490B

 Mt  = Mst + Msct + Mvt                                                 = -23941689.501 N.mm
 Wn  = H × B / 4                                                       = 66500.000 mm²
 lw  = (H²× (Tu·Bu³·Tb·Bl³))/(12 × (Tu·Bu³+Tb·Bl³))         = 21215874696000.000 mm^6
  a  = L·√((G·K)/(Es·Iw))                                           = 24.422
 Mwa = (Mt / L) / (a / L)²× (2·sinh(a/2) / sinh(a)-1)                = 208044386.301 N.mm²
 Twa = -(Mt / L) / (a/L) × (1-cosh(a)) / sinh(a)))                     = -998097.760 N.mm
 Swa = H × Tu × Bl²/ 16)                                             = 113715000.000 mm⁴
  υ = 전단력에 의한 복부 전단응력       : (Ss + Ssc + Sv) / As(Web)    = 27.374 MPa
 υt = 순수비틀림에 의한 복부 전단응력   : Mt·Tw / K                   = 0.227 MPa
 υt = 순수비틀림에 의한 플랜지 전단응력 : Mt·Tu / K                   = 0.340 MPa
 υw = 뒴비틀림에 의한 플랜지 전단응력   : Twa·Sw / (Iw·Tu)           = 0.297 MPa
     υweb    = υ + υt   = 27.6   MPa  <  υa = 110.000 Mpa  ------ O.K
     υflange = υ + υt   =  0.6   MPa  <  υa = 110.000 Mpa  ------ O.K
  fw = 뒴비틀림에 의한 수직응력          : Mwa·Wn / Iw                 = 0.652 MPa


  (8) 조합응력의 검토


 # 인장 (하부)플랜지의 허용응력 (SM490B 사용)
   fta = 190.000 MPa

 # 압축 (상부)플랜지의 허용응력 (SM490B 사용)
     b / 11.2 ≤ tu                   이면, fca = 140 MPa
     b / 11.2 ≤ tu < b / 16.0        이면, fca = 24000(t/b)²MPa
    사용 Tu = 18.000 mm
    콘크리트 슬래브에 의해 판의 국부좌굴이 충분히 방지된 경우이므로
    따라서,  fca = 190.000 MPa

 # 철근 콘크리트의 허용응력
   fca = 0.4  × f ck = 10.800 MPa
   fta = 0.07 × f ck = 1.890 MPa


 ┏━━━━━━┳━━━━━━━━━━━━━━━━━━━┳━━━━━━━━━━━━━━━━━━━━━━━━━━━┓
 ┃            ┃             CONCRETE                 ┃                        STEEL                         ┃
 ┃            ┣━━━━━━━━━━━━━┳━━━━━╋━━━━━━━━━━━━━┳━━━━━━━━━━━━━┫
 ┃ 하중  조합 ┃     작용 응력 ( MPa )    ┃ 허용응력 ┃     작용 응력 ( MPa )    ┃     허용 응력 ( MPa )    ┃
 ┃            ┣━━━━━━┳━━━━━━┫          ┣━━━━━━┳━━━━━━╋━━━━━━┳━━━━━━┫
 ┃            ┃  상    연  ┃  하    연  ┃   (MPa)  ┃  상    연  ┃  하    연  ┃  상    연  ┃ 하     연  ┃
 ┣━━━━━━╋━━━━━━╋━━━━━━╋━━━━━╋━━━━━━╋━━━━━━╋━━━━━━╋━━━━━━┫
 ┃1           ┃            ┃            ┃   10.800  ┃   35.717   ┃  -35.717   ┃  190.000   ┃  190.000   ┃
 ┣━━━━━━╋━━━━━━╋━━━━━━╋━━━━━╋━━━━━━╋━━━━━━╋━━━━━━╋━━━━━━┫
 ┃1+2+3       ┃    4.116   ┃    0.174   ┃   10.800  ┃   32.905   ┃ -135.235   ┃  190.000   ┃  190.000   ┃
 ┣━━━━━━╋━━━━━━╋━━━━━━╋━━━━━╋━━━━━━╋━━━━━━╋━━━━━━╋━━━━━━┫
 ┃1+2+3+4     ┃    3.580   ┃    0.366   ┃   10.800  ┃   36.518   ┃ -130.656   ┃  218.500   ┃  190.000   ┃
 ┣━━━━━━╋━━━━━━╋━━━━━━╋━━━━━╋━━━━━━╋━━━━━━╋━━━━━━╋━━━━━━┫
 ┃1+2+3+4+5   ┃    2.216   ┃   -0.885   ┃    1.890  ┃   63.550   ┃  -95.295   ┃  218.500   ┃  190.000   ┃
 ┣━━━━━━╋━━━━━━╋━━━━━━╋━━━━━╋━━━━━━╋━━━━━━╋━━━━━━╋━━━━━━┫
 ┃1+2+3+4+5+6 ┃    0.797   ┃   -2.134   ┃    2.173  ┃   82.543   ┃  -72.117   ┃  247.000   ┃  218.500   ┃
 ┣━━━━━━╋━━━━━━╋━━━━━━╋━━━━━╋━━━━━━╋━━━━━━╋━━━━━━╋━━━━━━┫
 ┃1+2+3+4+5-6 ┃    3.635   ┃    0.363   ┃   12.420  ┃   44.557   ┃ -118.473   ┃  247.000   ┃  218.500   ┃
 ┗━━━━━━┻━━━━━━┻━━━━━━┻━━━━━┻━━━━━━┻━━━━━━┻━━━━━━┻━━━━━━┛
    주) 압축응력을 정(+), 인장응력을 부(-)로 하였음.


  (9) 합성응력의 검토

     ( 상  연 )
	    (f  / fa)² + (υ / υa)²
         =  (82.543/247.000)² + (27.601/110.000)² = 0.1746 < 1.2 ---- O.K

     ( 하  연 )
	    (f  / fa)² + (υ / υa)²
         =  (-135.235/190.000)² + (27.601/110.000)² = 0.5696 < 1.2 ---- O.K


  (10) 항복에 대한 안전도 검사

     위에 열거한 하중조합중에서 가장 불리한 조합에 대해 검사
     Σf = 1.3 ×(합성전 고정하중 응력 + 합성후 고정하중) + 2.15 ×(활하중에 의한 응력(충격포함))
           + (크리프 응력 변화량) + (건조수축 응력 변화량) + (온도차 응력 변화량)의 조합 중에서
           가장 불리한 하중 조합에 대하여 검토

   ① 바닥판 콘크리트
     합성후 고정하중 응력 = 0.723 MPa
     합성후 활하중 응력 = 3.377 MPa
     Σf = 1.3 × 0.723 + 2.15 × 3.377 + (-0.535) + (-1.364) + (1.419)
         = 7.720 MPa   <  (3/5)f ck = 16.20 MPa  -------- O.K (크리프,건조수축 포함시)
     Σf = 1.3 × 0.723 + 2.15 × 3.377 + (1.419)
         = 9.620 MPa   <  (3/5)f ck = 16.20 MPa  -------- O.K (크리프,건조수축 제외시)

   ② 강재 주형 상판
     합성전 고정하중 응력 = 35.717 MPa
     합성후 고정하중 응력 = -0.583 MPa
     합성후 활하중 응력 = -2.308 MPa
     Σf = 1.3 × (35.717 + -0.583) + 2.15 × -2.308 + (3.613) + (27.032) + (18.993)
         = 90.352 MPa   <  f y = 320.00 MPa  -------- O.K (크리프,건조수축 포함시)
     Σf = 1.3 × (35.717 + -0.583) + 2.15 × -2.308 + (18.993)
         = 59.706 MPa   <  f y = 320.00 MPa  -------- O.K (크리프,건조수축 제외시)


   ③ 강재 주형 하판
     합성전 고정하중 응력 = -35.717 MPa
     합성후 고정하중 응력 = -17.814 MPa
     합성후 활하중 응력 = -81.652 MPa
     Σf = 1.3 × (-35.717 + -17.814) + 2.15 × -81.652 + (4.579) + (35.361) - (23.178)
         = -228.381 MPa   <  f y = 320.00 MPa  -------- O.K (크리프,건조수축 포함시)
     Σf = 1.3 × (-35.717 + -17.814) + 2.15 × -81.652 - (23.178)
         = -268.321 MPa   <  f y = 320.00 MPa  -------- O.K (크리프,건조수축 제외시)


